<?xml version="1.0" encoding="UTF-8"?>
<TestRun id="e0967087-d1bb-4e60-a00c-3e5e396f6ed1" name="Student@10266A-GEN-DEV 2022-06-29 01:39:19" runUser="10266A-GEN-DEV\Student" xmlns="http://microsoft.com/schemas/VisualStudio/TeamTest/2010">
  <TestSettings name="Local" id="1ef29e91-e135-4eb5-9002-25401c6e16cd">
    <Description>These are default test settings for a local test run.</Description>
    <Deployment enabled="false" runDeploymentRoot="Student_10266A-GEN-DEV 2022-06-29 01_39_19">
      <DeploymentItem filename="E:\Labfiles\Lab 5\Ex2\Starter\FileEditorXML\bin\Debug\FileEditorXML.exe" />
    </Deployment>
    <Execution>
      <TestTypeSpecific />
      <AgentRule name="Execution Agents">
      </AgentRule>
    </Execution>
  </TestSettings>
  <Times creation="2022-06-29T01:39:19.7778749-07:00" queuing="2022-06-29T01:39:19.8911562-07:00" start="2022-06-29T01:39:19.9165468-07:00" finish="2022-06-29T01:39:20.0366640-07:00" />
  <ResultSummary outcome="Completed">
    <Counters total="1" executed="1" passed="1" error="0" failed="0" timeout="0" aborted="0" inconclusive="0" passedButRunAborted="0" notRunnable="0" notExecuted="0" disconnected="0" warning="0" completed="0" inProgress="0" pending="0" />
  </ResultSummary>
  <TestDefinitions>
    <UnitTest name="WriteTextFileContentsTest1" storage="e:\labfiles\lab 5\ex2\starter\editor unit test project\bin\debug\module 5 unit test project.dll" id="aeed1db2-fd47-7bf7-a72e-4f6538c0a550">
      <Execution id="9c613895-1beb-4897-86b3-1d5beafdd956" />
      <TestMethod codeBase="E:/Labfiles/Lab 5/Ex2/Starter/Editor Unit Test Project/bin/Debug/Module 5 Unit Test Project.DLL" adapterTypeName="Microsoft.VisualStudio.TestTools.TestTypes.Unit.UnitTestAdapter, Microsoft.VisualStudio.QualityTools.Tips.UnitTest.Adapter, Version=10.0.0.0, Culture=neutral, PublicKeyToken=b03f5f7f11d50a3a" className="Lab5UnitTests.TextFileOperationsTest, Module 5 Unit Test Project, Version=1.0.0.0, Culture=neutral, PublicKeyToken=null" name="WriteTextFileContentsTest1" />
    </UnitTest>
  </TestDefinitions>
  <TestLists>
    <TestList name="Results Not in a List" id="8c84fa94-04c1-424b-9868-57a2d4851a1d" />
    <TestList name="All Loaded Results" id="19431567-8539-422a-85d7-44ee4e166bda" />
  </TestLists>
  <TestEntries>
    <TestEntry testId="aeed1db2-fd47-7bf7-a72e-4f6538c0a550" executionId="9c613895-1beb-4897-86b3-1d5beafdd956" testListId="8c84fa94-04c1-424b-9868-57a2d4851a1d" />
  </TestEntries>
  <Results>
    <UnitTestResult executionId="9c613895-1beb-4897-86b3-1d5beafdd956" testId="aeed1db2-fd47-7bf7-a72e-4f6538c0a550" testName="WriteTextFileContentsTest1" computerName="10266A-GEN-DEV" duration="00:00:00.0084593" startTime="2022-06-29T01:39:19.9194765-07:00" endTime="2022-06-29T01:39:20.0220156-07:00" testType="13cdc9d9-ddb5-4fa4-a97d-d965ccfc6d4b" outcome="Passed" testListId="8c84fa94-04c1-424b-9868-57a2d4851a1d" relativeResultsDirectory="9c613895-1beb-4897-86b3-1d5beafdd956">
    </UnitTestResult>
  </Results>
</TestRun>