<?xml version="1.0" encoding="UTF-8"?>
<TestRun id="2b192d4f-d4ca-4068-9a26-943828c8c14d" name="Student@10266A-GEN-DEV 2022-06-28 23:32:11" runUser="10266A-GEN-DEV\Student" xmlns="http://microsoft.com/schemas/VisualStudio/TeamTest/2010">
  <TestSettings name="Local" id="d091077b-0f37-40bc-9f73-bce729aa63a3">
    <Description>These are default test settings for a local test run.</Description>
    <Deployment enabled="false" runDeploymentRoot="Student_10266A-GEN-DEV 2022-06-28 23_32_11">
      <DeploymentItem filename="E:\Labfiles\Lab 3\Ex3\Starter\GreatestCommonDivisor\bin\Debug\Module3.exe" />
    </Deployment>
    <Execution>
      <TestTypeSpecific />
      <AgentRule name="Execution Agents">
      </AgentRule>
    </Execution>
  </TestSettings>
  <Times creation="2022-06-28T23:32:11.4126406-07:00" queuing="2022-06-28T23:32:11.5181093-07:00" start="2022-06-28T23:32:11.5444765-07:00" finish="2022-06-28T23:32:11.6694765-07:00" />
  <ResultSummary outcome="Completed">
    <Counters total="1" executed="1" passed="1" error="0" failed="0" timeout="0" aborted="0" inconclusive="0" passedButRunAborted="0" notRunnable="0" notExecuted="0" disconnected="0" warning="0" completed="0" inProgress="0" pending="0" />
  </ResultSummary>
  <TestDefinitions>
    <UnitTest name="FindGCDSteinTest" storage="e:\labfiles\lab 3\ex3\starter\gcd unit test project\bin\debug\module 3 unit test project.dll" id="599fa1f1-cbc3-6617-85db-d37f7e7b8ecc">
      <Execution id="ac9b91e8-5836-427c-95b6-ec17dcbc18c7" />
      <TestMethod codeBase="E:/Labfiles/Lab 3/Ex3/Starter/GCD Unit Test Project/bin/Debug/Module 3 Unit Test Project.DLL" adapterTypeName="Microsoft.VisualStudio.TestTools.TestTypes.Unit.UnitTestAdapter, Microsoft.VisualStudio.QualityTools.Tips.UnitTest.Adapter, Version=10.0.0.0, Culture=neutral, PublicKeyToken=b03f5f7f11d50a3a" className="GCDTestProject.GCDAlgorithmsTest, Module 3 Unit Test Project, Version=1.0.0.0, Culture=neutral, PublicKeyToken=null" name="FindGCDSteinTest" />
    </UnitTest>
  </TestDefinitions>
  <TestLists>
    <TestList name="Results Not in a List" id="8c84fa94-04c1-424b-9868-57a2d4851a1d" />
    <TestList name="All Loaded Results" id="19431567-8539-422a-85d7-44ee4e166bda" />
  </TestLists>
  <TestEntries>
    <TestEntry testId="599fa1f1-cbc3-6617-85db-d37f7e7b8ecc" executionId="ac9b91e8-5836-427c-95b6-ec17dcbc18c7" testListId="8c84fa94-04c1-424b-9868-57a2d4851a1d" />
  </TestEntries>
  <Results>
    <UnitTestResult executionId="ac9b91e8-5836-427c-95b6-ec17dcbc18c7" testId="599fa1f1-cbc3-6617-85db-d37f7e7b8ecc" testName="FindGCDSteinTest" computerName="10266A-GEN-DEV" duration="00:00:00.0082836" startTime="2022-06-28T23:32:11.5483828-07:00" endTime="2022-06-28T23:32:11.6460390-07:00" testType="13cdc9d9-ddb5-4fa4-a97d-d965ccfc6d4b" outcome="Passed" testListId="8c84fa94-04c1-424b-9868-57a2d4851a1d" relativeResultsDirectory="ac9b91e8-5836-427c-95b6-ec17dcbc18c7">
    </UnitTestResult>
  </Results>
</TestRun>