<?xml version="1.0" encoding="UTF-8"?>
<TestRun id="82b7d8b2-3d24-484e-8e68-30b9b5bd33fa" name="Student@10266A-GEN-DEV 2022-06-29 03:07:15" runUser="10266A-GEN-DEV\Student" xmlns="http://microsoft.com/schemas/VisualStudio/TeamTest/2010">
  <TestSettings name="Local" id="947f455c-0ffd-4088-ab69-a8d0fd81f18c">
    <Description>These are default test settings for a local test run.</Description>
    <Deployment enabled="false" runDeploymentRoot="Student_10266A-GEN-DEV 2022-06-29 03_07_15">
      <DeploymentItem filename="E:\Labfiles\Lab 6\Ex3\Starter\StressTest\bin\Debug\StressTest.dll" />
    </Deployment>
    <Execution>
      <TestTypeSpecific />
      <AgentRule name="Execution Agents">
      </AgentRule>
    </Execution>
  </TestSettings>
  <Times creation="2022-06-29T03:07:15.5620546-07:00" queuing="2022-06-29T03:07:15.5786562-07:00" start="2022-06-29T03:07:15.5933046-07:00" finish="2022-06-29T03:07:15.7036562-07:00" />
  <ResultSummary outcome="Completed">
    <Counters total="1" executed="1" passed="1" error="0" failed="0" timeout="0" aborted="0" inconclusive="0" passedButRunAborted="0" notRunnable="0" notExecuted="0" disconnected="0" warning="0" completed="0" inProgress="0" pending="0" />
  </ResultSummary>
  <TestDefinitions>
    <UnitTest name="StressTestCaseConstructorTest" storage="e:\labfiles\lab 6\ex3\starter\classes unit test project\bin\debug\unit tests for module 6.dll" id="1f359600-5dde-4b23-acc3-108cfa5c5af8">
      <Execution id="aa9b5177-3e04-49c6-9532-58f68daad2f9" />
      <TestMethod codeBase="E:/Labfiles/Lab 6/Ex3/Starter/Classes Unit Test Project/bin/Debug/Unit Tests for Module 6.DLL" adapterTypeName="Microsoft.VisualStudio.TestTools.TestTypes.Unit.UnitTestAdapter, Microsoft.VisualStudio.QualityTools.Tips.UnitTest.Adapter, Version=10.0.0.0, Culture=neutral, PublicKeyToken=b03f5f7f11d50a3a" className="Lab6UnitTests.StressTestCaseTest, Unit Tests for Module 6, Version=1.0.0.0, Culture=neutral, PublicKeyToken=null" name="StressTestCaseConstructorTest" />
    </UnitTest>
  </TestDefinitions>
  <TestLists>
    <TestList name="Results Not in a List" id="8c84fa94-04c1-424b-9868-57a2d4851a1d" />
    <TestList name="All Loaded Results" id="19431567-8539-422a-85d7-44ee4e166bda" />
  </TestLists>
  <TestEntries>
    <TestEntry testId="1f359600-5dde-4b23-acc3-108cfa5c5af8" executionId="aa9b5177-3e04-49c6-9532-58f68daad2f9" testListId="8c84fa94-04c1-424b-9868-57a2d4851a1d" />
  </TestEntries>
  <Results>
    <UnitTestResult executionId="aa9b5177-3e04-49c6-9532-58f68daad2f9" testId="1f359600-5dde-4b23-acc3-108cfa5c5af8" testName="StressTestCaseConstructorTest" computerName="10266A-GEN-DEV" duration="00:00:00.0088783" startTime="2022-06-29T03:07:15.6011171-07:00" endTime="2022-06-29T03:07:15.6977968-07:00" testType="13cdc9d9-ddb5-4fa4-a97d-d965ccfc6d4b" outcome="Passed" testListId="8c84fa94-04c1-424b-9868-57a2d4851a1d" relativeResultsDirectory="aa9b5177-3e04-49c6-9532-58f68daad2f9">
    </UnitTestResult>
  </Results>
</TestRun>