<?xml version="1.0" encoding="UTF-8"?>
<TestRun id="31615efe-23e8-413a-9d4e-2f6bb1e5053c" name="Student@10266A-GEN-DEV 2022-06-29 04:36:47" runUser="10266A-GEN-DEV\Student" xmlns="http://microsoft.com/schemas/VisualStudio/TeamTest/2010">
  <TestSettings name="Local" id="63150442-023f-4362-ac0f-2805b5a9e2b5">
    <Description>These are default test settings for a local test run.</Description>
    <Deployment enabled="false" runDeploymentRoot="Student_10266A-GEN-DEV 2022-06-29 04_36_47">
      <DeploymentItem filename="E:\Labfiles\Lab 7\Ex2\Starter\StressTest\bin\Debug\StressTest.dll" />
    </Deployment>
    <Execution>
      <TestTypeSpecific />
      <AgentRule name="Execution Agents">
      </AgentRule>
    </Execution>
  </TestSettings>
  <Times creation="2022-06-29T04:36:47.3276796-07:00" queuing="2022-06-29T04:36:47.4272890-07:00" start="2022-06-29T04:36:47.4546328-07:00" finish="2022-06-29T04:36:47.5864687-07:00" />
  <ResultSummary outcome="Completed">
    <Counters total="1" executed="1" passed="1" error="0" failed="0" timeout="0" aborted="0" inconclusive="0" passedButRunAborted="0" notRunnable="0" notExecuted="0" disconnected="0" warning="0" completed="0" inProgress="0" pending="0" />
  </ResultSummary>
  <TestDefinitions>
    <UnitTest name="GetNumberOfTestsPerformedTest" storage="e:\labfiles\lab 7\ex2\starter\stresstest unit test project\bin\debug\module 7 unit test project.dll" id="5701310d-d264-40e2-ce25-5834e0e15b23">
      <Execution id="a60a6878-49e6-4560-b1f7-03080b8a46ce" />
      <TestMethod codeBase="E:/Labfiles/Lab 7/Ex2/Starter/StressTest Unit Test Project/bin/Debug/Module 7 Unit Test Project.DLL" adapterTypeName="Microsoft.VisualStudio.TestTools.TestTypes.Unit.UnitTestAdapter, Microsoft.VisualStudio.QualityTools.Tips.UnitTest.Adapter, Version=10.0.0.0, Culture=neutral, PublicKeyToken=b03f5f7f11d50a3a" className="StressTests_Unit_Test_Project.StressTestCase_TestStatisticsTest, Module 7 Unit Test Project, Version=1.0.0.0, Culture=neutral, PublicKeyToken=null" name="GetNumberOfTestsPerformedTest" />
    </UnitTest>
  </TestDefinitions>
  <TestLists>
    <TestList name="Results Not in a List" id="8c84fa94-04c1-424b-9868-57a2d4851a1d" />
    <TestList name="All Loaded Results" id="19431567-8539-422a-85d7-44ee4e166bda" />
  </TestLists>
  <TestEntries>
    <TestEntry testId="5701310d-d264-40e2-ce25-5834e0e15b23" executionId="a60a6878-49e6-4560-b1f7-03080b8a46ce" testListId="8c84fa94-04c1-424b-9868-57a2d4851a1d" />
  </TestEntries>
  <Results>
    <UnitTestResult executionId="a60a6878-49e6-4560-b1f7-03080b8a46ce" testId="5701310d-d264-40e2-ce25-5834e0e15b23" testName="GetNumberOfTestsPerformedTest" computerName="10266A-GEN-DEV" duration="00:00:00.0082323" startTime="2022-06-29T04:36:47.4575624-07:00" endTime="2022-06-29T04:36:47.5669374-07:00" testType="13cdc9d9-ddb5-4fa4-a97d-d965ccfc6d4b" outcome="Passed" testListId="8c84fa94-04c1-424b-9868-57a2d4851a1d" relativeResultsDirectory="a60a6878-49e6-4560-b1f7-03080b8a46ce">
    </UnitTestResult>
  </Results>
</TestRun>